{"timestamp": "2025-07-03T07:51:22.209451", "user": "broker1", "action": "login_success", "target": null, "ip": ""}
{"timestamp": "2025-07-03T07:51:22.438122", "user": "Broker User", "action": "broker_login", "target": null, "ip": ""}
{"timestamp": "2025-07-03T07:51:22.453978", "user": "Broker User", "action": "claims_upload_accessed", "target": null, "ip": ""}
{"timestamp": "2025-07-03T07:51:26.889004", "user": "Broker User", "action": "broker_login", "target": null, "ip": ""}
{"timestamp": "2025-07-03T07:51:26.889004", "user": "Broker User", "action": "claims_upload_accessed", "target": null, "ip": ""}
{"timestamp": "2025-07-03T07:54:38.679248", "user": "broker1", "action": "login_success", "target": null, "ip": ""}
{"timestamp": "2025-07-03T07:54:38.779365", "user": "Broker User", "action": "broker_login", "target": null, "ip": ""}
{"timestamp": "2025-07-03T07:54:38.790437", "user": "Broker User", "action": "claims_upload_accessed", "target": null, "ip": ""}
{"timestamp": "2025-07-03T07:54:44.852793", "user": "Broker User", "action": "broker_login", "target": null, "ip": ""}
{"timestamp": "2025-07-03T07:54:44.852793", "user": "Broker User", "action": "claims_upload_accessed", "target": null, "ip": ""}
{"timestamp": "2025-07-03T08:07:56.744416", "user": "broker1", "action": "login_success", "target": null, "ip": ""}
{"timestamp": "2025-07-03T08:07:56.861107", "user": "Broker User", "action": "broker_login", "target": null, "ip": ""}
{"timestamp": "2025-07-03T08:07:56.867025", "user": "Broker User", "action": "claims_upload_accessed", "target": null, "ip": ""}
{"timestamp": "2025-07-03T08:08:00.030743", "user": "Broker User", "action": "broker_login", "target": null, "ip": ""}
{"timestamp": "2025-07-03T08:08:00.030743", "user": "Broker User", "action": "claims_upload_accessed", "target": null, "ip": ""}
{"timestamp": "2025-07-03T08:08:12.621147", "user": "Broker User", "action": "broker_login", "target": null, "ip": ""}
{"timestamp": "2025-07-03T08:08:12.623930", "user": "Broker User", "action": "predictions_accessed", "target": null, "ip": ""}
{"timestamp": "2025-07-03T08:08:16.200393", "user": "Broker User", "action": "broker_login", "target": null, "ip": ""}
{"timestamp": "2025-07-03T08:08:16.202819", "user": "Broker User", "action": "fraud_detection_accessed", "target": null, "ip": ""}
{"timestamp": "2025-07-03T08:08:17.394235", "user": "Broker User", "action": "broker_login", "target": null, "ip": ""}
{"timestamp": "2025-07-03T08:08:17.398531", "user": "Broker User", "action": "claims_upload_accessed", "target": null, "ip": ""}
{"timestamp": "2025-07-03T08:08:22.364854", "user": "Broker User", "action": "broker_login", "target": null, "ip": ""}
{"timestamp": "2025-07-03T08:08:22.367853", "user": "Broker User", "action": "claims_upload_accessed", "target": null, "ip": ""}
{"timestamp": "2025-07-03T08:11:20.125904", "user": "broker1", "action": "login_success", "target": null, "ip": ""}
{"timestamp": "2025-07-03T08:11:20.348585", "user": "Broker User", "action": "broker_login", "target": null, "ip": ""}
{"timestamp": "2025-07-03T08:11:20.359130", "user": "Broker User", "action": "claims_upload_accessed", "target": null, "ip": ""}
{"timestamp": "2025-07-03T08:11:23.382959", "user": "Broker User", "action": "broker_login", "target": null, "ip": ""}
{"timestamp": "2025-07-03T08:11:23.383967", "user": "Broker User", "action": "claims_upload_accessed", "target": null, "ip": ""}
{"timestamp": "2025-07-03T08:11:29.776246", "user": "Broker User", "action": "broker_login", "target": null, "ip": ""}
{"timestamp": "2025-07-03T08:11:29.785176", "user": "Broker User", "action": "predictions_accessed", "target": null, "ip": ""}
{"timestamp": "2025-07-03T08:11:31.498282", "user": "Broker User", "action": "broker_login", "target": null, "ip": ""}
{"timestamp": "2025-07-03T08:11:31.504014", "user": "Broker User", "action": "claims_upload_accessed", "target": null, "ip": ""}
{"timestamp": "2025-07-03T08:11:35.367174", "user": "Broker User", "action": "broker_login", "target": null, "ip": ""}
{"timestamp": "2025-07-03T08:11:35.374620", "user": "Broker User", "action": "claims_upload_accessed", "target": null, "ip": ""}
{"timestamp": "2025-07-03T08:19:32.664429", "user": "broker1", "action": "login_success", "target": null, "ip": ""}
{"timestamp": "2025-07-03T08:19:32.847385", "user": "Broker User", "action": "broker_login", "target": null, "ip": ""}
{"timestamp": "2025-07-03T08:19:32.873746", "user": "Broker User", "action": "claims_upload_accessed", "target": null, "ip": ""}
{"timestamp": "2025-07-03T08:19:35.088305", "user": "Broker User", "action": "broker_login", "target": null, "ip": ""}
{"timestamp": "2025-07-03T08:19:35.097797", "user": "Broker User", "action": "claims_upload_accessed", "target": null, "ip": ""}
{"timestamp": "2025-07-03T08:20:37.635695", "user": "Broker User", "action": "broker_login", "target": null, "ip": ""}
{"timestamp": "2025-07-03T08:20:37.641835", "user": "Broker User", "action": "predictions_accessed", "target": null, "ip": ""}
{"timestamp": "2025-07-03T08:20:39.080283", "user": "Broker User", "action": "broker_login", "target": null, "ip": ""}
{"timestamp": "2025-07-03T08:20:39.088651", "user": "Broker User", "action": "claims_upload_accessed", "target": null, "ip": ""}
{"timestamp": "2025-07-03T08:20:41.298884", "user": "Broker User", "action": "broker_login", "target": null, "ip": ""}
{"timestamp": "2025-07-03T08:20:41.305287", "user": "Broker User", "action": "claims_upload_accessed", "target": null, "ip": ""}
{"timestamp": "2025-07-03T08:25:24.694241", "user": "broker1", "action": "login_success", "target": null, "ip": ""}
{"timestamp": "2025-07-03T08:25:24.922119", "user": "Broker User", "action": "broker_login", "target": null, "ip": ""}
{"timestamp": "2025-07-03T08:25:27.608268", "user": "Broker User", "action": "broker_login", "target": null, "ip": ""}
{"timestamp": "2025-07-03T08:25:39.094034", "user": "Broker User", "action": "broker_login", "target": null, "ip": ""}
{"timestamp": "2025-07-03T08:25:39.101314", "user": "Broker User", "action": "predictions_accessed", "target": null, "ip": ""}
{"timestamp": "2025-07-03T08:25:41.342827", "user": "Broker User", "action": "broker_login", "target": null, "ip": ""}
{"timestamp": "2025-07-03T08:25:41.349215", "user": "Broker User", "action": "predictions_accessed", "target": null, "ip": ""}
{"timestamp": "2025-07-03T08:26:07.973846", "user": "Broker User", "action": "broker_login", "target": null, "ip": ""}
{"timestamp": "2025-07-03T08:26:07.979895", "user": "Broker User", "action": "predictions_accessed", "target": null, "ip": ""}
{"timestamp": "2025-07-03T08:26:33.567674", "user": "Broker User", "action": "broker_login", "target": null, "ip": ""}
{"timestamp": "2025-07-03T08:26:33.576728", "user": "Broker User", "action": "predictions_accessed", "target": null, "ip": ""}
{"timestamp": "2025-07-03T08:26:35.016361", "user": "Broker User", "action": "broker_login", "target": null, "ip": ""}
{"timestamp": "2025-07-03T08:26:35.024067", "user": "Broker User", "action": "predictions_accessed", "target": null, "ip": ""}
{"timestamp": "2025-07-03T08:28:41.685382", "user": "Broker User", "action": "broker_login", "target": null, "ip": ""}
{"timestamp": "2025-07-03T08:28:41.690148", "user": "Broker User", "action": "fraud_detection_accessed", "target": null, "ip": ""}
{"timestamp": "2025-07-03T08:32:27.855096", "user": "broker1", "action": "login_success", "target": null, "ip": ""}
{"timestamp": "2025-07-03T08:32:28.080534", "user": "Broker User", "action": "broker_login", "target": null, "ip": ""}
{"timestamp": "2025-07-03T08:32:31.296210", "user": "Broker User", "action": "broker_login", "target": null, "ip": ""}
{"timestamp": "2025-07-03T08:33:02.578985", "user": "Broker User", "action": "broker_login", "target": null, "ip": ""}
{"timestamp": "2025-07-03T08:33:02.592694", "user": "Broker User", "action": "predictions_accessed", "target": null, "ip": ""}
{"timestamp": "2025-07-03T08:33:04.112482", "user": "Broker User", "action": "broker_login", "target": null, "ip": ""}
{"timestamp": "2025-07-03T08:33:04.119954", "user": "Broker User", "action": "predictions_accessed", "target": null, "ip": ""}
{"timestamp": "2025-07-03T08:34:04.190939", "user": "Broker User", "action": "broker_login", "target": null, "ip": ""}
{"timestamp": "2025-07-03T08:34:04.194881", "user": "Broker User", "action": "predictions_accessed", "target": null, "ip": ""}
{"timestamp": "2025-07-03T10:33:01.697457", "user": "broker1", "action": "login_success", "target": null, "ip": ""}
{"timestamp": "2025-07-03T10:33:01.895279", "user": "Broker User", "action": "broker_login", "target": null, "ip": ""}
{"timestamp": "2025-07-03T10:33:11.274153", "user": "Broker User", "action": "broker_login", "target": null, "ip": ""}
{"timestamp": "2025-07-03T10:33:24.670504", "user": "Broker User", "action": "broker_login", "target": null, "ip": ""}
{"timestamp": "2025-07-03T10:33:24.675530", "user": "Broker User", "action": "predictions_accessed", "target": null, "ip": ""}
{"timestamp": "2025-07-03T10:33:26.393541", "user": "Broker User", "action": "broker_login", "target": null, "ip": ""}
{"timestamp": "2025-07-03T10:33:26.398940", "user": "Broker User", "action": "predictions_accessed", "target": null, "ip": ""}
{"timestamp": "2025-07-03T10:34:08.269706", "user": "acme_admin", "action": "login_success", "target": null, "ip": ""}
{"timestamp": "2025-07-03T10:34:08.476766", "user": "Acme Admin", "action": "client_login", "target": null, "ip": ""}
{"timestamp": "2025-07-03T10:36:27.252070", "user": "broker1", "action": "login_success", "target": null, "ip": ""}
{"timestamp": "2025-07-03T10:36:27.451415", "user": "Broker User", "action": "broker_login", "target": null, "ip": ""}
{"timestamp": "2025-07-03T10:37:15.834795", "user": "broker1", "action": "login_success", "target": null, "ip": ""}
{"timestamp": "2025-07-03T10:37:16.069159", "user": "Broker User", "action": "broker_login", "target": null, "ip": ""}
{"timestamp": "2025-07-03T10:37:19.505390", "user": "Broker User", "action": "broker_login", "target": null, "ip": ""}
{"timestamp": "2025-07-03T10:37:30.573074", "user": "Broker User", "action": "broker_login", "target": null, "ip": ""}
{"timestamp": "2025-07-03T10:37:30.579895", "user": "Broker User", "action": "predictions_accessed", "target": null, "ip": ""}
{"timestamp": "2025-07-03T10:37:33.310408", "user": "Broker User", "action": "broker_login", "target": null, "ip": ""}
{"timestamp": "2025-07-03T10:37:33.318338", "user": "Broker User", "action": "predictions_accessed", "target": null, "ip": ""}
{"timestamp": "2025-07-03T10:38:19.433988", "user": "broker1", "action": "login_success", "target": null, "ip": ""}
{"timestamp": "2025-07-03T10:38:19.648870", "user": "Broker User", "action": "broker_login", "target": null, "ip": ""}
{"timestamp": "2025-07-03T10:38:27.717439", "user": "Broker User", "action": "broker_login", "target": null, "ip": ""}
{"timestamp": "2025-07-03T10:39:46.460451", "user": "Broker User", "action": "broker_login", "target": null, "ip": ""}
{"timestamp": "2025-07-03T10:39:46.532713", "user": "Broker User", "action": "predictions_accessed", "target": null, "ip": ""}
{"timestamp": "2025-07-03T10:39:48.359444", "user": "Broker User", "action": "broker_login", "target": null, "ip": ""}
{"timestamp": "2025-07-03T10:39:48.471646", "user": "Broker User", "action": "predictions_accessed", "target": null, "ip": ""}
{"timestamp": "2025-07-03T10:40:14.291163", "user": "Broker User", "action": "broker_login", "target": null, "ip": ""}
{"timestamp": "2025-07-03T10:40:14.392763", "user": "Broker User", "action": "predictions_accessed", "target": null, "ip": ""}
{"timestamp": "2025-07-03T10:45:02.437559", "user": "acme_admin", "action": "login_success", "target": null, "ip": ""}
{"timestamp": "2025-07-03T10:45:02.652367", "user": "Acme Admin", "action": "client_login", "target": null, "ip": ""}
{"timestamp": "2025-07-03T10:49:06.793808", "user": "acme_admin", "action": "login_success", "target": null, "ip": ""}
{"timestamp": "2025-07-03T10:49:07.020670", "user": "Acme Admin", "action": "client_login", "target": null, "ip": ""}
{"timestamp": "2025-07-03T10:49:07.047284", "user": "Acme Admin", "action": "client_claims_accessed", "target": null, "ip": ""}
{"timestamp": "2025-07-03T10:49:40.243164", "user": "broker1", "action": "login_success", "target": null, "ip": ""}
{"timestamp": "2025-07-03T10:49:40.530079", "user": "Broker User", "action": "broker_login", "target": null, "ip": ""}
{"timestamp": "2025-07-03T10:50:07.851848", "user": "Broker User", "action": "broker_login", "target": null, "ip": ""}
